x:\dev\0_forensic\libewf-legacy-win\msvscpp\ewfverify\x64\release\vc143.pdb
x:\dev\0_forensic\libewf-legacy-win\msvscpp\ewfverify\x64\release\verification_handle.obj
x:\dev\0_forensic\libewf-legacy-win\msvscpp\ewfverify\x64\release\storage_media_buffer.obj
x:\dev\0_forensic\libewf-legacy-win\msvscpp\ewfverify\x64\release\process_status.obj
x:\dev\0_forensic\libewf-legacy-win\msvscpp\ewfverify\x64\release\log_handle.obj
x:\dev\0_forensic\libewf-legacy-win\msvscpp\ewfverify\x64\release\ewfverify.obj
x:\dev\0_forensic\libewf-legacy-win\msvscpp\ewfverify\x64\release\ewftools_system_string.obj
x:\dev\0_forensic\libewf-legacy-win\msvscpp\ewfverify\x64\release\ewftools_signal.obj
x:\dev\0_forensic\libewf-legacy-win\msvscpp\ewfverify\x64\release\ewftools_output.obj
x:\dev\0_forensic\libewf-legacy-win\msvscpp\ewfverify\x64\release\ewftools_glob.obj
x:\dev\0_forensic\libewf-legacy-win\msvscpp\ewfverify\x64\release\ewftools_getopt.obj
x:\dev\0_forensic\libewf-legacy-win\msvscpp\ewfverify\x64\release\ewfinput.obj
x:\dev\0_forensic\libewf-legacy-win\msvscpp\ewfverify\x64\release\digest_hash.obj
x:\dev\0_forensic\libewf-legacy-win\msvscpp\ewfverify\x64\release\byte_size_string.obj
x:\dev\0_forensic\libewf-legacy-win\msvscpp\x64\release\ewfverify.exe
x:\dev\0_forensic\libewf-legacy-win\msvscpp\ewfverify\x64\release\ewfverify.ipdb
x:\dev\0_forensic\libewf-legacy-win\msvscpp\x64\release\ewfverify.pdb
x:\dev\0_forensic\libewf-legacy-win\msvscpp\ewfverify\x64\release\ewfverify.iobj
x:\dev\0_forensic\libewf-legacy-win\msvscpp\ewfverify\x64\release\ewfverify.tlog\cl.read.1.tlog
x:\dev\0_forensic\libewf-legacy-win\msvscpp\ewfverify\x64\release\ewfverify.tlog\cl.write.1.tlog
x:\dev\0_forensic\libewf-legacy-win\msvscpp\ewfverify\x64\release\ewfverify.tlog\cl.command.1.tlog
x:\dev\0_forensic\libewf-legacy-win\msvscpp\ewfverify\x64\release\ewfverify.tlog\link.read.19.tlog
x:\dev\0_forensic\libewf-legacy-win\msvscpp\ewfverify\x64\release\ewfverify.tlog\link.write.1.tlog
x:\dev\0_forensic\libewf-legacy-win\msvscpp\ewfverify\x64\release\ewfverify.tlog\link.command.1.tlog
