x:\dev\0_forensic\libewf-legacy-win\msvscpp\ewfinfo\x64\release\vc143.pdb
x:\dev\0_forensic\libewf-legacy-win\msvscpp\ewfinfo\x64\release\platform.obj
x:\dev\0_forensic\libewf-legacy-win\msvscpp\ewfinfo\x64\release\info_handle.obj
x:\dev\0_forensic\libewf-legacy-win\msvscpp\ewfinfo\x64\release\guid.obj
x:\dev\0_forensic\libewf-legacy-win\msvscpp\ewfinfo\x64\release\ewftools_system_string.obj
x:\dev\0_forensic\libewf-legacy-win\msvscpp\ewfinfo\x64\release\ewftools_signal.obj
x:\dev\0_forensic\libewf-legacy-win\msvscpp\ewfinfo\x64\release\ewftools_output.obj
x:\dev\0_forensic\libewf-legacy-win\msvscpp\ewfinfo\x64\release\ewftools_glob.obj
x:\dev\0_forensic\libewf-legacy-win\msvscpp\ewfinfo\x64\release\ewftools_getopt.obj
x:\dev\0_forensic\libewf-legacy-win\msvscpp\ewfinfo\x64\release\ewfinput.obj
x:\dev\0_forensic\libewf-legacy-win\msvscpp\ewfinfo\x64\release\ewfinfo.obj
x:\dev\0_forensic\libewf-legacy-win\msvscpp\ewfinfo\x64\release\digest_hash.obj
x:\dev\0_forensic\libewf-legacy-win\msvscpp\ewfinfo\x64\release\byte_size_string.obj
x:\dev\0_forensic\libewf-legacy-win\msvscpp\x64\release\ewfinfo.exe
x:\dev\0_forensic\libewf-legacy-win\msvscpp\ewfinfo\x64\release\ewfinfo.ipdb
x:\dev\0_forensic\libewf-legacy-win\msvscpp\x64\release\ewfinfo.pdb
x:\dev\0_forensic\libewf-legacy-win\msvscpp\ewfinfo\x64\release\ewfinfo.iobj
x:\dev\0_forensic\libewf-legacy-win\msvscpp\ewfinfo\x64\release\ewfinfo.tlog\cl.read.1.tlog
x:\dev\0_forensic\libewf-legacy-win\msvscpp\ewfinfo\x64\release\ewfinfo.tlog\cl.write.1.tlog
x:\dev\0_forensic\libewf-legacy-win\msvscpp\ewfinfo\x64\release\ewfinfo.tlog\cl.command.1.tlog
x:\dev\0_forensic\libewf-legacy-win\msvscpp\ewfinfo\x64\release\ewfinfo.tlog\link.read.19.tlog
x:\dev\0_forensic\libewf-legacy-win\msvscpp\ewfinfo\x64\release\ewfinfo.tlog\link.write.1.tlog
x:\dev\0_forensic\libewf-legacy-win\msvscpp\ewfinfo\x64\release\ewfinfo.tlog\link.command.1.tlog
