x:\dev\0_forensic\libewf-legacy-win\msvscpp\libewf\x64\release\vc143.pdb
x:\dev\0_forensic\libewf-legacy-win\msvscpp\libewf\x64\release\libewf_legacy.obj
x:\dev\0_forensic\libewf-legacy-win\msvscpp\libewf\x64\release\libewf_io_handle.obj
x:\dev\0_forensic\libewf-legacy-win\msvscpp\libewf\x64\release\libewf_header_values.obj
x:\dev\0_forensic\libewf-legacy-win\msvscpp\libewf\x64\release\libewf_header_sections.obj
x:\dev\0_forensic\libewf-legacy-win\msvscpp\libewf\x64\release\libewf_hash_values.obj
x:\dev\0_forensic\libewf-legacy-win\msvscpp\libewf\x64\release\libewf_hash_sections.obj
x:\dev\0_forensic\libewf-legacy-win\msvscpp\libewf\x64\release\libewf_handle.obj
x:\dev\0_forensic\libewf-legacy-win\msvscpp\libewf\x64\release\libewf_file_entry.obj
x:\dev\0_forensic\libewf-legacy-win\msvscpp\libewf\x64\release\libewf_filename.obj
x:\dev\0_forensic\libewf-legacy-win\msvscpp\libewf\x64\release\libewf_error.obj
x:\dev\0_forensic\libewf-legacy-win\msvscpp\libewf\x64\release\libewf_empty_block.obj
x:\dev\0_forensic\libewf-legacy-win\msvscpp\libewf\x64\release\libewf_deflate.obj
x:\dev\0_forensic\libewf-legacy-win\msvscpp\libewf\x64\release\libewf_debug.obj
x:\dev\0_forensic\libewf-legacy-win\msvscpp\libewf\x64\release\libewf_date_time_values.obj
x:\dev\0_forensic\libewf-legacy-win\msvscpp\libewf\x64\release\libewf_date_time.obj
x:\dev\0_forensic\libewf-legacy-win\msvscpp\libewf\x64\release\libewf_compression.obj
x:\dev\0_forensic\libewf-legacy-win\msvscpp\libewf\x64\release\libewf_chunk_table.obj
x:\dev\0_forensic\libewf-legacy-win\msvscpp\libewf\x64\release\libewf_chunk_data.obj
x:\dev\0_forensic\libewf-legacy-win\msvscpp\libewf\x64\release\libewf_checksum.obj
x:\dev\0_forensic\libewf-legacy-win\msvscpp\libewf\x64\release\libewf.obj
x:\dev\0_forensic\libewf-legacy-win\msvscpp\libewf\x64\release\libewf_write_io_handle.obj
x:\dev\0_forensic\libewf-legacy-win\msvscpp\libewf\x64\release\libewf_support.obj
x:\dev\0_forensic\libewf-legacy-win\msvscpp\libewf\x64\release\libewf_single_file_tree.obj
x:\dev\0_forensic\libewf-legacy-win\msvscpp\libewf\x64\release\libewf_single_file_entry.obj
x:\dev\0_forensic\libewf-legacy-win\msvscpp\libewf\x64\release\libewf_single_files.obj
x:\dev\0_forensic\libewf-legacy-win\msvscpp\libewf\x64\release\libewf_segment_table.obj
x:\dev\0_forensic\libewf-legacy-win\msvscpp\libewf\x64\release\libewf_segment_file_handle.obj
x:\dev\0_forensic\libewf-legacy-win\msvscpp\libewf\x64\release\libewf_segment_file.obj
x:\dev\0_forensic\libewf-legacy-win\msvscpp\libewf\x64\release\libewf_sector_range.obj
x:\dev\0_forensic\libewf-legacy-win\msvscpp\libewf\x64\release\libewf_section.obj
x:\dev\0_forensic\libewf-legacy-win\msvscpp\libewf\x64\release\libewf_read_io_handle.obj
x:\dev\0_forensic\libewf-legacy-win\msvscpp\libewf\x64\release\libewf_notify.obj
x:\dev\0_forensic\libewf-legacy-win\msvscpp\libewf\x64\release\libewf_metadata.obj
x:\dev\0_forensic\libewf-legacy-win\msvscpp\libewf\x64\release\libewf_media_values.obj
x:\dev\0_forensic\libewf-legacy-win\msvscpp\libewf\x64\release\libewf.res
x:\dev\0_forensic\libewf-legacy-win\msvscpp\x64\release\libewf.ilk
x:\dev\0_forensic\libewf-legacy-win\msvscpp\x64\release\libewf.dll
x:\dev\0_forensic\libewf-legacy-win\msvscpp\x64\release\libewf.pdb
x:\dev\0_forensic\libewf-legacy-win\msvscpp\x64\release\libewf.lib
x:\dev\0_forensic\libewf-legacy-win\msvscpp\x64\release\libewf.exp
x:\dev\0_forensic\libewf-legacy-win\msvscpp\libewf\x64\release\libewf.tlog\cl.read.1.tlog
x:\dev\0_forensic\libewf-legacy-win\msvscpp\libewf\x64\release\libewf.tlog\cl.write.1.tlog
x:\dev\0_forensic\libewf-legacy-win\msvscpp\libewf\x64\release\libewf.tlog\cl.command.1.tlog
x:\dev\0_forensic\libewf-legacy-win\msvscpp\libewf\x64\release\libewf.tlog\rc.read.1.tlog
x:\dev\0_forensic\libewf-legacy-win\msvscpp\libewf\x64\release\libewf.tlog\rc.write.1.tlog
x:\dev\0_forensic\libewf-legacy-win\msvscpp\libewf\x64\release\libewf.tlog\rc.command.1.tlog
x:\dev\0_forensic\libewf-legacy-win\msvscpp\libewf\x64\release\libewf.tlog\link.read.2.tlog
x:\dev\0_forensic\libewf-legacy-win\msvscpp\libewf\x64\release\libewf.tlog\link.write.1.tlog
x:\dev\0_forensic\libewf-legacy-win\msvscpp\libewf\x64\release\libewf.tlog\link.command.1.tlog
x:\dev\0_forensic\libewf-legacy-win\msvscpp\libewf\x64\release\libewf.tlog\libewf.write.1u.tlog
