x:\dev\0_forensic\libewf-legacy-win\msvscpp\x64\release\libmfdata.pdb
x:\dev\0_forensic\libewf-legacy-win\msvscpp\libmfdata\x64\release\libmfdata_support.obj
x:\dev\0_forensic\libewf-legacy-win\msvscpp\libmfdata\x64\release\libmfdata_segment_table.obj
x:\dev\0_forensic\libewf-legacy-win\msvscpp\libmfdata\x64\release\libmfdata_segment.obj
x:\dev\0_forensic\libewf-legacy-win\msvscpp\libmfdata\x64\release\libmfdata_range.obj
x:\dev\0_forensic\libewf-legacy-win\msvscpp\libmfdata\x64\release\libmfdata_notify.obj
x:\dev\0_forensic\libewf-legacy-win\msvscpp\libmfdata\x64\release\libmfdata_list_element.obj
x:\dev\0_forensic\libewf-legacy-win\msvscpp\libmfdata\x64\release\libmfdata_list.obj
x:\dev\0_forensic\libewf-legacy-win\msvscpp\libmfdata\x64\release\libmfdata_group.obj
x:\dev\0_forensic\libewf-legacy-win\msvscpp\libmfdata\x64\release\libmfdata_file_list.obj
x:\dev\0_forensic\libewf-legacy-win\msvscpp\libmfdata\x64\release\libmfdata_file.obj
x:\dev\0_forensic\libewf-legacy-win\msvscpp\libmfdata\x64\release\libmfdata_error.obj
x:\dev\0_forensic\libewf-legacy-win\msvscpp\libmfdata\x64\release\libmfdata_array.obj
x:\dev\0_forensic\libewf-legacy-win\msvscpp\x64\release\libmfdata.lib
x:\dev\0_forensic\libewf-legacy-win\msvscpp\libmfdata\x64\release\libmfdata.tlog\cl.read.1.tlog
x:\dev\0_forensic\libewf-legacy-win\msvscpp\libmfdata\x64\release\libmfdata.tlog\cl.write.1.tlog
x:\dev\0_forensic\libewf-legacy-win\msvscpp\libmfdata\x64\release\libmfdata.tlog\cl.command.1.tlog
x:\dev\0_forensic\libewf-legacy-win\msvscpp\libmfdata\x64\release\libmfdata.tlog\lib-link.read.1.tlog
x:\dev\0_forensic\libewf-legacy-win\msvscpp\libmfdata\x64\release\libmfdata.tlog\lib-link.write.1.tlog
x:\dev\0_forensic\libewf-legacy-win\msvscpp\libmfdata\x64\release\libmfdata.tlog\lib.command.1.tlog
