x:\dev\0_forensic\libewf-legacy-win\msvscpp\x64\release\libuna.pdb
x:\dev\0_forensic\libewf-legacy-win\msvscpp\libuna\x64\release\libuna_codepage_mac_arabic.obj
x:\dev\0_forensic\libewf-legacy-win\msvscpp\libuna\x64\release\libuna_codepage_koi8_u.obj
x:\dev\0_forensic\libewf-legacy-win\msvscpp\libuna\x64\release\libuna_codepage_koi8_r.obj
x:\dev\0_forensic\libewf-legacy-win\msvscpp\libuna\x64\release\libuna_codepage_iso_8859_9.obj
x:\dev\0_forensic\libewf-legacy-win\msvscpp\libuna\x64\release\libuna_codepage_iso_8859_8.obj
x:\dev\0_forensic\libewf-legacy-win\msvscpp\libuna\x64\release\libuna_codepage_iso_8859_7.obj
x:\dev\0_forensic\libewf-legacy-win\msvscpp\libuna\x64\release\libuna_codepage_iso_8859_6.obj
x:\dev\0_forensic\libewf-legacy-win\msvscpp\libuna\x64\release\libuna_codepage_iso_8859_5.obj
x:\dev\0_forensic\libewf-legacy-win\msvscpp\libuna\x64\release\libuna_codepage_iso_8859_4.obj
x:\dev\0_forensic\libewf-legacy-win\msvscpp\libuna\x64\release\libuna_codepage_iso_8859_3.obj
x:\dev\0_forensic\libewf-legacy-win\msvscpp\libuna\x64\release\libuna_codepage_iso_8859_2.obj
x:\dev\0_forensic\libewf-legacy-win\msvscpp\libuna\x64\release\libuna_codepage_iso_8859_16.obj
x:\dev\0_forensic\libewf-legacy-win\msvscpp\libuna\x64\release\libuna_codepage_iso_8859_15.obj
x:\dev\0_forensic\libewf-legacy-win\msvscpp\libuna\x64\release\libuna_codepage_iso_8859_14.obj
x:\dev\0_forensic\libewf-legacy-win\msvscpp\libuna\x64\release\libuna_codepage_iso_8859_13.obj
x:\dev\0_forensic\libewf-legacy-win\msvscpp\libuna\x64\release\libuna_codepage_iso_8859_10.obj
x:\dev\0_forensic\libewf-legacy-win\msvscpp\libuna\x64\release\libuna_byte_stream.obj
x:\dev\0_forensic\libewf-legacy-win\msvscpp\libuna\x64\release\libuna_base64_stream.obj
x:\dev\0_forensic\libewf-legacy-win\msvscpp\libuna\x64\release\libuna_base32_stream.obj
x:\dev\0_forensic\libewf-legacy-win\msvscpp\libuna\x64\release\libuna_base16_stream.obj
x:\dev\0_forensic\libewf-legacy-win\msvscpp\libuna\x64\release\libuna_codepage_windows_1252.obj
x:\dev\0_forensic\libewf-legacy-win\msvscpp\libuna\x64\release\libuna_codepage_windows_1251.obj
x:\dev\0_forensic\libewf-legacy-win\msvscpp\libuna\x64\release\libuna_codepage_windows_1250.obj
x:\dev\0_forensic\libewf-legacy-win\msvscpp\libuna\x64\release\libuna_codepage_mac_ukrainian.obj
x:\dev\0_forensic\libewf-legacy-win\msvscpp\libuna\x64\release\libuna_codepage_mac_turkish.obj
x:\dev\0_forensic\libewf-legacy-win\msvscpp\libuna\x64\release\libuna_codepage_mac_thai.obj
x:\dev\0_forensic\libewf-legacy-win\msvscpp\libuna\x64\release\libuna_codepage_mac_symbol.obj
x:\dev\0_forensic\libewf-legacy-win\msvscpp\libuna\x64\release\libuna_codepage_mac_russian.obj
x:\dev\0_forensic\libewf-legacy-win\msvscpp\libuna\x64\release\libuna_codepage_mac_romanian.obj
x:\dev\0_forensic\libewf-legacy-win\msvscpp\libuna\x64\release\libuna_codepage_mac_roman.obj
x:\dev\0_forensic\libewf-legacy-win\msvscpp\libuna\x64\release\libuna_codepage_mac_inuit.obj
x:\dev\0_forensic\libewf-legacy-win\msvscpp\libuna\x64\release\libuna_codepage_mac_icelandic.obj
x:\dev\0_forensic\libewf-legacy-win\msvscpp\libuna\x64\release\libuna_codepage_mac_greek.obj
x:\dev\0_forensic\libewf-legacy-win\msvscpp\libuna\x64\release\libuna_codepage_mac_gaelic.obj
x:\dev\0_forensic\libewf-legacy-win\msvscpp\libuna\x64\release\libuna_codepage_mac_farsi.obj
x:\dev\0_forensic\libewf-legacy-win\msvscpp\libuna\x64\release\libuna_codepage_mac_dingbats.obj
x:\dev\0_forensic\libewf-legacy-win\msvscpp\libuna\x64\release\libuna_codepage_mac_cyrillic.obj
x:\dev\0_forensic\libewf-legacy-win\msvscpp\libuna\x64\release\libuna_codepage_mac_croatian.obj
x:\dev\0_forensic\libewf-legacy-win\msvscpp\libuna\x64\release\libuna_codepage_mac_centraleurroman.obj
x:\dev\0_forensic\libewf-legacy-win\msvscpp\libuna\x64\release\libuna_codepage_mac_celtic.obj
x:\dev\0_forensic\libewf-legacy-win\msvscpp\libuna\x64\release\libuna_utf32_string.obj
x:\dev\0_forensic\libewf-legacy-win\msvscpp\libuna\x64\release\libuna_utf32_stream.obj
x:\dev\0_forensic\libewf-legacy-win\msvscpp\libuna\x64\release\libuna_utf16_string.obj
x:\dev\0_forensic\libewf-legacy-win\msvscpp\libuna\x64\release\libuna_utf16_stream.obj
x:\dev\0_forensic\libewf-legacy-win\msvscpp\libuna\x64\release\libuna_url_stream.obj
x:\dev\0_forensic\libewf-legacy-win\msvscpp\libuna\x64\release\libuna_unicode_character.obj
x:\dev\0_forensic\libewf-legacy-win\msvscpp\libuna\x64\release\libuna_support.obj
x:\dev\0_forensic\libewf-legacy-win\msvscpp\libuna\x64\release\libuna_scsu.obj
x:\dev\0_forensic\libewf-legacy-win\msvscpp\libuna\x64\release\libuna_error.obj
x:\dev\0_forensic\libewf-legacy-win\msvscpp\libuna\x64\release\libuna_codepage_windows_950.obj
x:\dev\0_forensic\libewf-legacy-win\msvscpp\libuna\x64\release\libuna_codepage_windows_949.obj
x:\dev\0_forensic\libewf-legacy-win\msvscpp\libuna\x64\release\libuna_codepage_windows_936.obj
x:\dev\0_forensic\libewf-legacy-win\msvscpp\libuna\x64\release\libuna_codepage_windows_932.obj
x:\dev\0_forensic\libewf-legacy-win\msvscpp\libuna\x64\release\libuna_codepage_windows_874.obj
x:\dev\0_forensic\libewf-legacy-win\msvscpp\libuna\x64\release\libuna_codepage_windows_1258.obj
x:\dev\0_forensic\libewf-legacy-win\msvscpp\libuna\x64\release\libuna_codepage_windows_1257.obj
x:\dev\0_forensic\libewf-legacy-win\msvscpp\libuna\x64\release\libuna_codepage_windows_1256.obj
x:\dev\0_forensic\libewf-legacy-win\msvscpp\libuna\x64\release\libuna_codepage_windows_1255.obj
x:\dev\0_forensic\libewf-legacy-win\msvscpp\libuna\x64\release\libuna_codepage_windows_1254.obj
x:\dev\0_forensic\libewf-legacy-win\msvscpp\libuna\x64\release\libuna_codepage_windows_1253.obj
x:\dev\0_forensic\libewf-legacy-win\msvscpp\libuna\x64\release\libuna_utf8_string.obj
x:\dev\0_forensic\libewf-legacy-win\msvscpp\libuna\x64\release\libuna_utf8_stream.obj
x:\dev\0_forensic\libewf-legacy-win\msvscpp\libuna\x64\release\libuna_utf7_stream.obj
x:\dev\0_forensic\libewf-legacy-win\msvscpp\x64\release\libuna.lib
x:\dev\0_forensic\libewf-legacy-win\msvscpp\libuna\x64\release\libuna.tlog\cl.read.1.tlog
x:\dev\0_forensic\libewf-legacy-win\msvscpp\libuna\x64\release\libuna.tlog\cl.write.1.tlog
x:\dev\0_forensic\libewf-legacy-win\msvscpp\libuna\x64\release\libuna.tlog\cl.command.1.tlog
x:\dev\0_forensic\libewf-legacy-win\msvscpp\libuna\x64\release\libuna.tlog\lib-link.read.1.tlog
x:\dev\0_forensic\libewf-legacy-win\msvscpp\libuna\x64\release\libuna.tlog\lib-link.write.1.tlog
x:\dev\0_forensic\libewf-legacy-win\msvscpp\libuna\x64\release\libuna.tlog\lib.command.1.tlog
