  libuna_base16_stream.c
  libuna_base32_stream.c
  libuna_base64_stream.c
  libuna_byte_stream.c
  libuna_codepage_iso_8859_10.c
  libuna_codepage_iso_8859_13.c
  libuna_codepage_iso_8859_14.c
  libuna_codepage_iso_8859_15.c
  libuna_codepage_iso_8859_16.c
  libuna_codepage_iso_8859_2.c
  libuna_codepage_iso_8859_3.c
  libuna_codepage_iso_8859_4.c
  libuna_codepage_iso_8859_5.c
  libuna_codepage_iso_8859_6.c
  libuna_codepage_iso_8859_7.c
  libuna_codepage_iso_8859_8.c
  libuna_codepage_iso_8859_9.c
  libuna_codepage_koi8_r.c
  libuna_codepage_koi8_u.c
  libuna_codepage_mac_arabic.c
  Generating Code...
  Compiling...
  libuna_codepage_mac_celtic.c
  libuna_codepage_mac_centraleurroman.c
  libuna_codepage_mac_croatian.c
  libuna_codepage_mac_cyrillic.c
  libuna_codepage_mac_dingbats.c
  libuna_codepage_mac_farsi.c
  libuna_codepage_mac_gaelic.c
  libuna_codepage_mac_greek.c
  libuna_codepage_mac_icelandic.c
  libuna_codepage_mac_inuit.c
  libuna_codepage_mac_roman.c
  libuna_codepage_mac_romanian.c
  libuna_codepage_mac_russian.c
  libuna_codepage_mac_symbol.c
  libuna_codepage_mac_thai.c
  libuna_codepage_mac_turkish.c
  libuna_codepage_mac_ukrainian.c
  libuna_codepage_windows_1250.c
  libuna_codepage_windows_1251.c
  libuna_codepage_windows_1252.c
  Generating Code...
  Compiling...
  libuna_codepage_windows_1253.c
  libuna_codepage_windows_1254.c
  libuna_codepage_windows_1255.c
  libuna_codepage_windows_1256.c
  libuna_codepage_windows_1257.c
  libuna_codepage_windows_1258.c
  libuna_codepage_windows_874.c
  libuna_codepage_windows_932.c
  libuna_codepage_windows_936.c
  libuna_codepage_windows_949.c
  libuna_codepage_windows_950.c
  libuna_error.c
  libuna_scsu.c
  libuna_support.c
  libuna_unicode_character.c
  libuna_url_stream.c
  libuna_utf16_stream.c
  libuna_utf16_string.c
  libuna_utf32_stream.c
  libuna_utf32_string.c
  Generating Code...
  Compiling...
  libuna_utf7_stream.c
  libuna_utf8_stream.c
  libuna_utf8_string.c
  Generating Code...
  libuna.vcxproj -> X:\dev\0_forensic\libewf-legacy-win\msvscpp\x64\Release\libuna.lib
