x:\dev\0_forensic\libewf-legacy-win\msvscpp\x64\release\libodraw.pdb
x:\dev\0_forensic\libewf-legacy-win\msvscpp\libodraw\x64\release\libodraw_track_value.obj
x:\dev\0_forensic\libewf-legacy-win\msvscpp\libodraw\x64\release\libodraw_support.obj
x:\dev\0_forensic\libewf-legacy-win\msvscpp\libodraw\x64\release\libodraw_sector_range.obj
x:\dev\0_forensic\libewf-legacy-win\msvscpp\libodraw\x64\release\libodraw_notify.obj
x:\dev\0_forensic\libewf-legacy-win\msvscpp\libodraw\x64\release\libodraw_io_handle.obj
x:\dev\0_forensic\libewf-legacy-win\msvscpp\libodraw\x64\release\libodraw_handle.obj
x:\dev\0_forensic\libewf-legacy-win\msvscpp\libodraw\x64\release\libodraw_error.obj
x:\dev\0_forensic\libewf-legacy-win\msvscpp\libodraw\x64\release\libodraw_debug.obj
x:\dev\0_forensic\libewf-legacy-win\msvscpp\libodraw\x64\release\libodraw_data_file_descriptor.obj
x:\dev\0_forensic\libewf-legacy-win\msvscpp\libodraw\x64\release\libodraw_data_file.obj
x:\dev\0_forensic\libewf-legacy-win\msvscpp\libodraw\x64\release\libodraw_cue_scanner.obj
x:\dev\0_forensic\libewf-legacy-win\msvscpp\libodraw\x64\release\libodraw_cue_parser.obj
x:\dev\0_forensic\libewf-legacy-win\msvscpp\x64\release\libodraw.lib
x:\dev\0_forensic\libewf-legacy-win\msvscpp\libodraw\x64\release\libodraw.tlog\cl.read.1.tlog
x:\dev\0_forensic\libewf-legacy-win\msvscpp\libodraw\x64\release\libodraw.tlog\cl.write.1.tlog
x:\dev\0_forensic\libewf-legacy-win\msvscpp\libodraw\x64\release\libodraw.tlog\cl.command.1.tlog
x:\dev\0_forensic\libewf-legacy-win\msvscpp\libodraw\x64\release\libodraw.tlog\lib-link.read.1.tlog
x:\dev\0_forensic\libewf-legacy-win\msvscpp\libodraw\x64\release\libodraw.tlog\lib-link.write.1.tlog
x:\dev\0_forensic\libewf-legacy-win\msvscpp\libodraw\x64\release\libodraw.tlog\lib.command.1.tlog
