  byte_size_string.c
  device_handle.c
  digest_hash.c
  ewfacquire.c
  ewfinput.c
  ewftools_getopt.c
  ewftools_output.c
  ewftools_signal.c
  ewftools_system_string.c
  guid.c
  imaging_handle.c
  log_handle.c
  platform.c
X:\dev\0_forensic\libewf-legacy-win\ewftools\platform.c(78,20): warning C4996: 'GetVersion': was declared deprecated
  process_status.c
  storage_media_buffer.c
  Generating code
  Previous IPDB not found, fall back to full compilation.
  All 139 functions were compiled because no usable IPDB/IOBJ from previous compilation was found.
  Finished generating code
  ewfacquire.vcxproj -> X:\dev\0_forensic\libewf-legacy-win\msvscpp\x64\Release\ewfacquire.exe
