x:\dev\0_forensic\libewf-legacy-win\msvscpp\ewfacquire\x64\release\vc143.pdb
x:\dev\0_forensic\libewf-legacy-win\msvscpp\ewfacquire\x64\release\storage_media_buffer.obj
x:\dev\0_forensic\libewf-legacy-win\msvscpp\ewfacquire\x64\release\process_status.obj
x:\dev\0_forensic\libewf-legacy-win\msvscpp\ewfacquire\x64\release\platform.obj
x:\dev\0_forensic\libewf-legacy-win\msvscpp\ewfacquire\x64\release\log_handle.obj
x:\dev\0_forensic\libewf-legacy-win\msvscpp\ewfacquire\x64\release\imaging_handle.obj
x:\dev\0_forensic\libewf-legacy-win\msvscpp\ewfacquire\x64\release\guid.obj
x:\dev\0_forensic\libewf-legacy-win\msvscpp\ewfacquire\x64\release\ewftools_system_string.obj
x:\dev\0_forensic\libewf-legacy-win\msvscpp\ewfacquire\x64\release\ewftools_signal.obj
x:\dev\0_forensic\libewf-legacy-win\msvscpp\ewfacquire\x64\release\ewftools_output.obj
x:\dev\0_forensic\libewf-legacy-win\msvscpp\ewfacquire\x64\release\ewftools_getopt.obj
x:\dev\0_forensic\libewf-legacy-win\msvscpp\ewfacquire\x64\release\ewfinput.obj
x:\dev\0_forensic\libewf-legacy-win\msvscpp\ewfacquire\x64\release\ewfacquire.obj
x:\dev\0_forensic\libewf-legacy-win\msvscpp\ewfacquire\x64\release\digest_hash.obj
x:\dev\0_forensic\libewf-legacy-win\msvscpp\ewfacquire\x64\release\device_handle.obj
x:\dev\0_forensic\libewf-legacy-win\msvscpp\ewfacquire\x64\release\byte_size_string.obj
x:\dev\0_forensic\libewf-legacy-win\msvscpp\x64\release\ewfacquire.exe
x:\dev\0_forensic\libewf-legacy-win\msvscpp\ewfacquire\x64\release\ewfacquire.ipdb
x:\dev\0_forensic\libewf-legacy-win\msvscpp\x64\release\ewfacquire.pdb
x:\dev\0_forensic\libewf-legacy-win\msvscpp\ewfacquire\x64\release\ewfacquire.iobj
x:\dev\0_forensic\libewf-legacy-win\msvscpp\ewfacquire\x64\release\ewfacquire.tlog\cl.read.1.tlog
x:\dev\0_forensic\libewf-legacy-win\msvscpp\ewfacquire\x64\release\ewfacquire.tlog\cl.write.1.tlog
x:\dev\0_forensic\libewf-legacy-win\msvscpp\ewfacquire\x64\release\ewfacquire.tlog\cl.command.1.tlog
x:\dev\0_forensic\libewf-legacy-win\msvscpp\ewfacquire\x64\release\ewfacquire.tlog\link.read.5.tlog
x:\dev\0_forensic\libewf-legacy-win\msvscpp\ewfacquire\x64\release\ewfacquire.tlog\link.write.1.tlog
x:\dev\0_forensic\libewf-legacy-win\msvscpp\ewfacquire\x64\release\ewfacquire.tlog\link.command.1.tlog
