x:\dev\0_forensic\libewf-legacy-win\msvscpp\x64\release\libsmdev.pdb
x:\dev\0_forensic\libewf-legacy-win\msvscpp\libsmdev\x64\release\libsmdev_usb.obj
x:\dev\0_forensic\libewf-legacy-win\msvscpp\libsmdev\x64\release\libsmdev_track_value.obj
x:\dev\0_forensic\libewf-legacy-win\msvscpp\libsmdev\x64\release\libsmdev_support.obj
x:\dev\0_forensic\libewf-legacy-win\msvscpp\libsmdev\x64\release\libsmdev_string.obj
x:\dev\0_forensic\libewf-legacy-win\msvscpp\libsmdev\x64\release\libsmdev_sector_range.obj
x:\dev\0_forensic\libewf-legacy-win\msvscpp\libsmdev\x64\release\libsmdev_scsi.obj
x:\dev\0_forensic\libewf-legacy-win\msvscpp\libsmdev\x64\release\libsmdev_optical_disc.obj
x:\dev\0_forensic\libewf-legacy-win\msvscpp\libsmdev\x64\release\libsmdev_notify.obj
x:\dev\0_forensic\libewf-legacy-win\msvscpp\libsmdev\x64\release\libsmdev_handle.obj
x:\dev\0_forensic\libewf-legacy-win\msvscpp\libsmdev\x64\release\libsmdev_error.obj
x:\dev\0_forensic\libewf-legacy-win\msvscpp\libsmdev\x64\release\libsmdev_debug.obj
x:\dev\0_forensic\libewf-legacy-win\msvscpp\libsmdev\x64\release\libsmdev_ata.obj
x:\dev\0_forensic\libewf-legacy-win\msvscpp\x64\release\libsmdev.lib
x:\dev\0_forensic\libewf-legacy-win\msvscpp\libsmdev\x64\release\libsmdev.tlog\cl.read.1.tlog
x:\dev\0_forensic\libewf-legacy-win\msvscpp\libsmdev\x64\release\libsmdev.tlog\cl.write.1.tlog
x:\dev\0_forensic\libewf-legacy-win\msvscpp\libsmdev\x64\release\libsmdev.tlog\cl.command.1.tlog
x:\dev\0_forensic\libewf-legacy-win\msvscpp\libsmdev\x64\release\libsmdev.tlog\lib-link.read.1.tlog
x:\dev\0_forensic\libewf-legacy-win\msvscpp\libsmdev\x64\release\libsmdev.tlog\lib-link.write.1.tlog
x:\dev\0_forensic\libewf-legacy-win\msvscpp\libsmdev\x64\release\libsmdev.tlog\lib.command.1.tlog
