x:\dev\0_forensic\libewf-legacy-win\msvscpp\ewfrecover\x64\release\vc143.pdb
x:\dev\0_forensic\libewf-legacy-win\msvscpp\ewfrecover\x64\release\storage_media_buffer.obj
x:\dev\0_forensic\libewf-legacy-win\msvscpp\ewfrecover\x64\release\process_status.obj
x:\dev\0_forensic\libewf-legacy-win\msvscpp\ewfrecover\x64\release\platform.obj
x:\dev\0_forensic\libewf-legacy-win\msvscpp\ewfrecover\x64\release\log_handle.obj
x:\dev\0_forensic\libewf-legacy-win\msvscpp\ewfrecover\x64\release\guid.obj
x:\dev\0_forensic\libewf-legacy-win\msvscpp\ewfrecover\x64\release\export_handle.obj
x:\dev\0_forensic\libewf-legacy-win\msvscpp\ewfrecover\x64\release\ewftools_system_string.obj
x:\dev\0_forensic\libewf-legacy-win\msvscpp\ewfrecover\x64\release\ewftools_signal.obj
x:\dev\0_forensic\libewf-legacy-win\msvscpp\ewfrecover\x64\release\ewftools_output.obj
x:\dev\0_forensic\libewf-legacy-win\msvscpp\ewfrecover\x64\release\ewftools_glob.obj
x:\dev\0_forensic\libewf-legacy-win\msvscpp\ewfrecover\x64\release\ewftools_getopt.obj
x:\dev\0_forensic\libewf-legacy-win\msvscpp\ewfrecover\x64\release\ewfrecover.obj
x:\dev\0_forensic\libewf-legacy-win\msvscpp\ewfrecover\x64\release\ewfinput.obj
x:\dev\0_forensic\libewf-legacy-win\msvscpp\ewfrecover\x64\release\digest_hash.obj
x:\dev\0_forensic\libewf-legacy-win\msvscpp\ewfrecover\x64\release\byte_size_string.obj
x:\dev\0_forensic\libewf-legacy-win\msvscpp\x64\release\ewfrecover.exe
x:\dev\0_forensic\libewf-legacy-win\msvscpp\ewfrecover\x64\release\ewfrecover.ipdb
x:\dev\0_forensic\libewf-legacy-win\msvscpp\x64\release\ewfrecover.pdb
x:\dev\0_forensic\libewf-legacy-win\msvscpp\ewfrecover\x64\release\ewfrecover.iobj
x:\dev\0_forensic\libewf-legacy-win\msvscpp\ewfrecover\x64\release\ewfrecover.tlog\cl.read.1.tlog
x:\dev\0_forensic\libewf-legacy-win\msvscpp\ewfrecover\x64\release\ewfrecover.tlog\cl.write.1.tlog
x:\dev\0_forensic\libewf-legacy-win\msvscpp\ewfrecover\x64\release\ewfrecover.tlog\cl.command.1.tlog
x:\dev\0_forensic\libewf-legacy-win\msvscpp\ewfrecover\x64\release\ewfrecover.tlog\link.read.19.tlog
x:\dev\0_forensic\libewf-legacy-win\msvscpp\ewfrecover\x64\release\ewfrecover.tlog\link.write.1.tlog
x:\dev\0_forensic\libewf-legacy-win\msvscpp\ewfrecover\x64\release\ewfrecover.tlog\link.command.1.tlog
