x:\dev\0_forensic\libewf-legacy-win\msvscpp\ewfexport\x64\release\vc143.pdb
x:\dev\0_forensic\libewf-legacy-win\msvscpp\ewfexport\x64\release\storage_media_buffer.obj
x:\dev\0_forensic\libewf-legacy-win\msvscpp\ewfexport\x64\release\process_status.obj
x:\dev\0_forensic\libewf-legacy-win\msvscpp\ewfexport\x64\release\platform.obj
x:\dev\0_forensic\libewf-legacy-win\msvscpp\ewfexport\x64\release\log_handle.obj
x:\dev\0_forensic\libewf-legacy-win\msvscpp\ewfexport\x64\release\guid.obj
x:\dev\0_forensic\libewf-legacy-win\msvscpp\ewfexport\x64\release\export_handle.obj
x:\dev\0_forensic\libewf-legacy-win\msvscpp\ewfexport\x64\release\ewftools_system_string.obj
x:\dev\0_forensic\libewf-legacy-win\msvscpp\ewfexport\x64\release\ewftools_signal.obj
x:\dev\0_forensic\libewf-legacy-win\msvscpp\ewfexport\x64\release\ewftools_output.obj
x:\dev\0_forensic\libewf-legacy-win\msvscpp\ewfexport\x64\release\ewftools_glob.obj
x:\dev\0_forensic\libewf-legacy-win\msvscpp\ewfexport\x64\release\ewftools_getopt.obj
x:\dev\0_forensic\libewf-legacy-win\msvscpp\ewfexport\x64\release\ewfinput.obj
x:\dev\0_forensic\libewf-legacy-win\msvscpp\ewfexport\x64\release\ewfexport.obj
x:\dev\0_forensic\libewf-legacy-win\msvscpp\ewfexport\x64\release\digest_hash.obj
x:\dev\0_forensic\libewf-legacy-win\msvscpp\ewfexport\x64\release\byte_size_string.obj
x:\dev\0_forensic\libewf-legacy-win\msvscpp\x64\release\ewfexport.exe
x:\dev\0_forensic\libewf-legacy-win\msvscpp\ewfexport\x64\release\ewfexport.ipdb
x:\dev\0_forensic\libewf-legacy-win\msvscpp\x64\release\ewfexport.pdb
x:\dev\0_forensic\libewf-legacy-win\msvscpp\ewfexport\x64\release\ewfexport.iobj
x:\dev\0_forensic\libewf-legacy-win\msvscpp\ewfexport\x64\release\ewfexport.tlog\cl.read.1.tlog
x:\dev\0_forensic\libewf-legacy-win\msvscpp\ewfexport\x64\release\ewfexport.tlog\cl.write.1.tlog
x:\dev\0_forensic\libewf-legacy-win\msvscpp\ewfexport\x64\release\ewfexport.tlog\cl.command.1.tlog
x:\dev\0_forensic\libewf-legacy-win\msvscpp\ewfexport\x64\release\ewfexport.tlog\link.read.5.tlog
x:\dev\0_forensic\libewf-legacy-win\msvscpp\ewfexport\x64\release\ewfexport.tlog\link.write.1.tlog
x:\dev\0_forensic\libewf-legacy-win\msvscpp\ewfexport\x64\release\ewfexport.tlog\link.command.1.tlog
