x:\dev\0_forensic\libewf-legacy-win\msvscpp\x64\release\libfvalue.pdb
x:\dev\0_forensic\libewf-legacy-win\msvscpp\libfvalue\x64\release\libfvalue_value_type.obj
x:\dev\0_forensic\libewf-legacy-win\msvscpp\libfvalue\x64\release\libfvalue_value_entry.obj
x:\dev\0_forensic\libewf-legacy-win\msvscpp\libfvalue\x64\release\libfvalue_value.obj
x:\dev\0_forensic\libewf-legacy-win\msvscpp\libfvalue\x64\release\libfvalue_utf8_string.obj
x:\dev\0_forensic\libewf-legacy-win\msvscpp\libfvalue\x64\release\libfvalue_utf16_string.obj
x:\dev\0_forensic\libewf-legacy-win\msvscpp\libfvalue\x64\release\libfvalue_table.obj
x:\dev\0_forensic\libewf-legacy-win\msvscpp\libfvalue\x64\release\libfvalue_support.obj
x:\dev\0_forensic\libewf-legacy-win\msvscpp\libfvalue\x64\release\libfvalue_string.obj
x:\dev\0_forensic\libewf-legacy-win\msvscpp\libfvalue\x64\release\libfvalue_split_utf8_string.obj
x:\dev\0_forensic\libewf-legacy-win\msvscpp\libfvalue\x64\release\libfvalue_split_utf16_string.obj
x:\dev\0_forensic\libewf-legacy-win\msvscpp\libfvalue\x64\release\libfvalue_integer.obj
x:\dev\0_forensic\libewf-legacy-win\msvscpp\libfvalue\x64\release\libfvalue_floating_point.obj
x:\dev\0_forensic\libewf-legacy-win\msvscpp\libfvalue\x64\release\libfvalue_filetime.obj
x:\dev\0_forensic\libewf-legacy-win\msvscpp\libfvalue\x64\release\libfvalue_error.obj
x:\dev\0_forensic\libewf-legacy-win\msvscpp\libfvalue\x64\release\libfvalue_data_handle.obj
x:\dev\0_forensic\libewf-legacy-win\msvscpp\libfvalue\x64\release\libfvalue_binary_data.obj
x:\dev\0_forensic\libewf-legacy-win\msvscpp\x64\release\libfvalue.lib
x:\dev\0_forensic\libewf-legacy-win\msvscpp\libfvalue\x64\release\libfvalue.tlog\cl.read.1.tlog
x:\dev\0_forensic\libewf-legacy-win\msvscpp\libfvalue\x64\release\libfvalue.tlog\cl.write.1.tlog
x:\dev\0_forensic\libewf-legacy-win\msvscpp\libfvalue\x64\release\libfvalue.tlog\cl.command.1.tlog
x:\dev\0_forensic\libewf-legacy-win\msvscpp\libfvalue\x64\release\libfvalue.tlog\lib-link.read.1.tlog
x:\dev\0_forensic\libewf-legacy-win\msvscpp\libfvalue\x64\release\libfvalue.tlog\lib-link.write.1.tlog
x:\dev\0_forensic\libewf-legacy-win\msvscpp\libfvalue\x64\release\libfvalue.tlog\lib.command.1.tlog
