x:\dev\0_forensic\libewf-legacy-win\msvscpp\x64\release\libbfio.pdb
x:\dev\0_forensic\libewf-legacy-win\msvscpp\libbfio\x64\release\libbfio_system_string.obj
x:\dev\0_forensic\libewf-legacy-win\msvscpp\libbfio\x64\release\libbfio_support.obj
x:\dev\0_forensic\libewf-legacy-win\msvscpp\libbfio\x64\release\libbfio_pool.obj
x:\dev\0_forensic\libewf-legacy-win\msvscpp\libbfio\x64\release\libbfio_memory_range_io_handle.obj
x:\dev\0_forensic\libewf-legacy-win\msvscpp\libbfio\x64\release\libbfio_memory_range.obj
x:\dev\0_forensic\libewf-legacy-win\msvscpp\libbfio\x64\release\libbfio_handle.obj
x:\dev\0_forensic\libewf-legacy-win\msvscpp\libbfio\x64\release\libbfio_file_range_io_handle.obj
x:\dev\0_forensic\libewf-legacy-win\msvscpp\libbfio\x64\release\libbfio_file_range.obj
x:\dev\0_forensic\libewf-legacy-win\msvscpp\libbfio\x64\release\libbfio_file_pool.obj
x:\dev\0_forensic\libewf-legacy-win\msvscpp\libbfio\x64\release\libbfio_file_io_handle.obj
x:\dev\0_forensic\libewf-legacy-win\msvscpp\libbfio\x64\release\libbfio_file.obj
x:\dev\0_forensic\libewf-legacy-win\msvscpp\libbfio\x64\release\libbfio_error.obj
x:\dev\0_forensic\libewf-legacy-win\msvscpp\x64\release\libbfio.lib
x:\dev\0_forensic\libewf-legacy-win\msvscpp\libbfio\x64\release\libbfio.tlog\cl.read.1.tlog
x:\dev\0_forensic\libewf-legacy-win\msvscpp\libbfio\x64\release\libbfio.tlog\cl.write.1.tlog
x:\dev\0_forensic\libewf-legacy-win\msvscpp\libbfio\x64\release\libbfio.tlog\cl.command.1.tlog
x:\dev\0_forensic\libewf-legacy-win\msvscpp\libbfio\x64\release\libbfio.tlog\lib-link.read.1.tlog
x:\dev\0_forensic\libewf-legacy-win\msvscpp\libbfio\x64\release\libbfio.tlog\lib-link.write.1.tlog
x:\dev\0_forensic\libewf-legacy-win\msvscpp\libbfio\x64\release\libbfio.tlog\lib.command.1.tlog
