x:\dev\0_forensic\libewf-legacy-win\msvscpp\x64\release\libfdata.pdb
x:\dev\0_forensic\libewf-legacy-win\msvscpp\libfdata\x64\release\libfdata_vector.obj
x:\dev\0_forensic\libewf-legacy-win\msvscpp\libfdata\x64\release\libfdata_tree_node.obj
x:\dev\0_forensic\libewf-legacy-win\msvscpp\libfdata\x64\release\libfdata_tree.obj
x:\dev\0_forensic\libewf-legacy-win\msvscpp\libfdata\x64\release\libfdata_support.obj
x:\dev\0_forensic\libewf-legacy-win\msvscpp\libfdata\x64\release\libfdata_stream.obj
x:\dev\0_forensic\libewf-legacy-win\msvscpp\libfdata\x64\release\libfdata_segments_array.obj
x:\dev\0_forensic\libewf-legacy-win\msvscpp\libfdata\x64\release\libfdata_range_list.obj
x:\dev\0_forensic\libewf-legacy-win\msvscpp\libfdata\x64\release\libfdata_range.obj
x:\dev\0_forensic\libewf-legacy-win\msvscpp\libfdata\x64\release\libfdata_notify.obj
x:\dev\0_forensic\libewf-legacy-win\msvscpp\libfdata\x64\release\libfdata_mapped_range.obj
x:\dev\0_forensic\libewf-legacy-win\msvscpp\libfdata\x64\release\libfdata_list_element.obj
x:\dev\0_forensic\libewf-legacy-win\msvscpp\libfdata\x64\release\libfdata_list.obj
x:\dev\0_forensic\libewf-legacy-win\msvscpp\libfdata\x64\release\libfdata_error.obj
x:\dev\0_forensic\libewf-legacy-win\msvscpp\libfdata\x64\release\libfdata_cache.obj
x:\dev\0_forensic\libewf-legacy-win\msvscpp\libfdata\x64\release\libfdata_area.obj
x:\dev\0_forensic\libewf-legacy-win\msvscpp\x64\release\libfdata.lib
x:\dev\0_forensic\libewf-legacy-win\msvscpp\libfdata\x64\release\libfdata.tlog\cl.read.1.tlog
x:\dev\0_forensic\libewf-legacy-win\msvscpp\libfdata\x64\release\libfdata.tlog\cl.write.1.tlog
x:\dev\0_forensic\libewf-legacy-win\msvscpp\libfdata\x64\release\libfdata.tlog\cl.command.1.tlog
x:\dev\0_forensic\libewf-legacy-win\msvscpp\libfdata\x64\release\libfdata.tlog\lib-link.read.1.tlog
x:\dev\0_forensic\libewf-legacy-win\msvscpp\libfdata\x64\release\libfdata.tlog\lib-link.write.1.tlog
x:\dev\0_forensic\libewf-legacy-win\msvscpp\libfdata\x64\release\libfdata.tlog\lib.command.1.tlog
