x:\dev\0_forensic\libewf-legacy-win\msvscpp\zlib\x64\release\vc143.pdb
x:\dev\0_forensic\libewf-legacy-win\msvscpp\zlib\x64\release\zutil.obj
x:\dev\0_forensic\libewf-legacy-win\msvscpp\zlib\x64\release\uncompr.obj
x:\dev\0_forensic\libewf-legacy-win\msvscpp\zlib\x64\release\trees.obj
x:\dev\0_forensic\libewf-legacy-win\msvscpp\zlib\x64\release\inftrees.obj
x:\dev\0_forensic\libewf-legacy-win\msvscpp\zlib\x64\release\inflate.obj
x:\dev\0_forensic\libewf-legacy-win\msvscpp\zlib\x64\release\inffast.obj
x:\dev\0_forensic\libewf-legacy-win\msvscpp\zlib\x64\release\infback.obj
x:\dev\0_forensic\libewf-legacy-win\msvscpp\zlib\x64\release\gzwrite.obj
x:\dev\0_forensic\libewf-legacy-win\msvscpp\zlib\x64\release\gzread.obj
x:\dev\0_forensic\libewf-legacy-win\msvscpp\zlib\x64\release\gzlib.obj
x:\dev\0_forensic\libewf-legacy-win\msvscpp\zlib\x64\release\gzclose.obj
x:\dev\0_forensic\libewf-legacy-win\msvscpp\zlib\x64\release\deflate.obj
x:\dev\0_forensic\libewf-legacy-win\msvscpp\zlib\x64\release\crc32.obj
x:\dev\0_forensic\libewf-legacy-win\msvscpp\zlib\x64\release\compress.obj
x:\dev\0_forensic\libewf-legacy-win\msvscpp\zlib\x64\release\adler32.obj
x:\dev\0_forensic\libewf-legacy-win\msvscpp\zlib\x64\release\zlib1.res
x:\dev\0_forensic\libewf-legacy-win\msvscpp\x64\release\zlib.ilk
x:\dev\0_forensic\libewf-legacy-win\msvscpp\x64\release\zlib.dll
x:\dev\0_forensic\libewf-legacy-win\msvscpp\x64\release\zlib.pdb
x:\dev\0_forensic\libewf-legacy-win\msvscpp\x64\release\zlib.lib
x:\dev\0_forensic\libewf-legacy-win\msvscpp\x64\release\zlib.exp
x:\dev\0_forensic\libewf-legacy-win\msvscpp\zlib\x64\release\zlib.tlog\cl.read.1.tlog
x:\dev\0_forensic\libewf-legacy-win\msvscpp\zlib\x64\release\zlib.tlog\cl.write.1.tlog
x:\dev\0_forensic\libewf-legacy-win\msvscpp\zlib\x64\release\zlib.tlog\cl.command.1.tlog
x:\dev\0_forensic\libewf-legacy-win\msvscpp\zlib\x64\release\zlib.tlog\rc.read.1.tlog
x:\dev\0_forensic\libewf-legacy-win\msvscpp\zlib\x64\release\zlib.tlog\rc.write.1.tlog
x:\dev\0_forensic\libewf-legacy-win\msvscpp\zlib\x64\release\zlib.tlog\rc.command.1.tlog
x:\dev\0_forensic\libewf-legacy-win\msvscpp\zlib\x64\release\zlib.tlog\link.read.2.tlog
x:\dev\0_forensic\libewf-legacy-win\msvscpp\zlib\x64\release\zlib.tlog\link.write.1.tlog
x:\dev\0_forensic\libewf-legacy-win\msvscpp\zlib\x64\release\zlib.tlog\link.command.1.tlog
x:\dev\0_forensic\libewf-legacy-win\msvscpp\zlib\x64\release\zlib.tlog\zlib.write.1u.tlog
